0 verbose cli C:\Program Files\nodejs\node.exe C:\Program Files\nodejs\node_modules\npm\bin\npm-cli.js
1 info using npm@10.9.2
2 info using node@v22.15.0
3 silly config load:file:C:\Program Files\nodejs\node_modules\npm\npmrc
4 silly config load:file:D:\InternShip Projects\E_Commerce_Application\.npmrc
5 silly config load:file:C:\Users\ghosh\.npmrc
6 silly config load:file:C:\Users\ghosh\AppData\Roaming\npm\etc\npmrc
7 verbose title npm install
8 verbose argv "install" "--cache" ".npm-cache"
9 verbose logfile logs-max:10 dir:D:\InternShip Projects\E_Commerce_Application\.npm-cache\_logs\2026-04-18T14_56_19_240Z-
10 verbose logfile D:\InternShip Projects\E_Commerce_Application\.npm-cache\_logs\2026-04-18T14_56_19_240Z-debug-0.log
11 silly logfile done cleaning log files
12 silly packumentCache heap:2197815296 maxSize:549453824 maxEntrySize:274726912
13 silly idealTree buildDeps
14 silly fetch manifest concurrently@^8.2.2
15 silly packumentCache full:https://registry.npmjs.org/concurrently cache-miss
16 http fetch GET 200 https://registry.npmjs.org/concurrently 519ms (cache miss)
17 silly packumentCache full:https://registry.npmjs.org/concurrently set size:undefined disposed:false
18 silly placeDep ROOT concurrently@8.2.2 OK for: ecommerce@1.0.0 want: ^8.2.2
19 silly fetch manifest rxjs@^7.8.1
20 silly packumentCache full:https://registry.npmjs.org/rxjs cache-miss
21 silly fetch manifest chalk@^4.1.2
22 silly packumentCache full:https://registry.npmjs.org/chalk cache-miss
23 silly fetch manifest yargs@^17.7.2
24 silly packumentCache full:https://registry.npmjs.org/yargs cache-miss
25 silly fetch manifest lodash@^4.17.21
26 silly packumentCache full:https://registry.npmjs.org/lodash cache-miss
27 silly fetch manifest date-fns@^2.30.0
28 silly packumentCache full:https://registry.npmjs.org/date-fns cache-miss
29 silly fetch manifest tree-kill@^1.2.2
30 silly packumentCache full:https://registry.npmjs.org/tree-kill cache-miss
31 silly fetch manifest shell-quote@^1.8.1
32 silly packumentCache full:https://registry.npmjs.org/shell-quote cache-miss
33 http fetch GET 200 https://registry.npmjs.org/chalk 265ms (cache miss)
34 silly packumentCache full:https://registry.npmjs.org/chalk set size:undefined disposed:false
35 silly fetch manifest spawn-command@0.0.2
36 silly packumentCache full:https://registry.npmjs.org/spawn-command cache-miss
37 http fetch GET 200 https://registry.npmjs.org/spawn-command 404ms (cache miss)
38 silly packumentCache full:https://registry.npmjs.org/spawn-command set size:undefined disposed:false
39 silly fetch manifest supports-color@^8.1.1
40 silly packumentCache full:https://registry.npmjs.org/supports-color cache-miss
41 http fetch GET 200 https://registry.npmjs.org/npm 1323ms
42 http fetch GET 200 https://registry.npmjs.org/yargs 774ms (cache miss)
43 silly packumentCache full:https://registry.npmjs.org/yargs set size:undefined disposed:false
44 http fetch GET 200 https://registry.npmjs.org/rxjs 784ms (cache miss)
45 silly packumentCache full:https://registry.npmjs.org/rxjs set size:undefined disposed:false
46 http fetch GET 200 https://registry.npmjs.org/lodash 1020ms (cache miss)
47 silly packumentCache full:https://registry.npmjs.org/lodash set size:undefined disposed:false
48 http fetch GET 200 https://registry.npmjs.org/shell-quote 1067ms (cache miss)
49 silly packumentCache full:https://registry.npmjs.org/shell-quote set size:undefined disposed:false
50 http fetch GET 200 https://registry.npmjs.org/supports-color 409ms (cache miss)
51 silly packumentCache full:https://registry.npmjs.org/supports-color set size:undefined disposed:false
52 http fetch GET 200 https://registry.npmjs.org/tree-kill 1388ms (cache miss)
53 silly packumentCache full:https://registry.npmjs.org/tree-kill set size:undefined disposed:false
54 http fetch GET 200 https://registry.npmjs.org/date-fns 1602ms (cache miss)
55 silly packumentCache full:https://registry.npmjs.org/date-fns set size:undefined disposed:false
56 silly placeDep ROOT chalk@4.1.2 OK for: concurrently@8.2.2 want: ^4.1.2
57 silly placeDep ROOT date-fns@2.30.0 OK for: concurrently@8.2.2 want: ^2.30.0
58 silly placeDep ROOT lodash@4.18.1 OK for: concurrently@8.2.2 want: ^4.17.21
59 silly placeDep ROOT rxjs@7.8.2 OK for: concurrently@8.2.2 want: ^7.8.1
60 silly placeDep ROOT shell-quote@1.8.3 OK for: concurrently@8.2.2 want: ^1.8.1
61 silly placeDep ROOT spawn-command@0.0.2 OK for: concurrently@8.2.2 want: 0.0.2
62 silly placeDep ROOT supports-color@8.1.1 OK for: concurrently@8.2.2 want: ^8.1.1
63 silly placeDep ROOT tree-kill@1.2.2 OK for: concurrently@8.2.2 want: ^1.2.2
64 silly placeDep ROOT yargs@17.7.2 OK for: concurrently@8.2.2 want: ^17.7.2
65 silly fetch manifest ansi-styles@^4.1.0
66 silly packumentCache full:https://registry.npmjs.org/ansi-styles cache-miss
67 silly fetch manifest supports-color@^7.1.0
68 silly packumentCache full:https://registry.npmjs.org/supports-color cache-miss
69 silly fetch manifest @babel/runtime@^7.21.0
70 silly packumentCache full:https://registry.npmjs.org/@babel%2fruntime cache-miss
71 silly fetch manifest tslib@^2.1.0
72 silly packumentCache full:https://registry.npmjs.org/tslib cache-miss
73 silly fetch manifest has-flag@^4.0.0
74 silly packumentCache full:https://registry.npmjs.org/has-flag cache-miss
75 silly fetch manifest y18n@^5.0.5
76 silly packumentCache full:https://registry.npmjs.org/y18n cache-miss
77 silly fetch manifest cliui@^8.0.1
78 silly packumentCache full:https://registry.npmjs.org/cliui cache-miss
79 http cache https://registry.npmjs.org/supports-color 35ms (cache hit)
80 silly packumentCache full:https://registry.npmjs.org/supports-color set size:118680 disposed:false
81 silly fetch manifest escalade@^3.1.1
82 silly packumentCache full:https://registry.npmjs.org/escalade cache-miss
83 http fetch GET 200 https://registry.npmjs.org/has-flag 128ms (cache miss)
84 silly packumentCache full:https://registry.npmjs.org/has-flag set size:undefined disposed:false
85 silly fetch manifest string-width@^4.2.3
86 silly packumentCache full:https://registry.npmjs.org/string-width cache-miss
87 http fetch GET 200 https://registry.npmjs.org/y18n 508ms (cache miss)
88 silly packumentCache full:https://registry.npmjs.org/y18n set size:undefined disposed:false
89 silly fetch manifest yargs-parser@^21.1.1
90 silly packumentCache full:https://registry.npmjs.org/yargs-parser cache-miss
91 http fetch GET 200 https://registry.npmjs.org/ansi-styles 540ms (cache miss)
92 silly packumentCache full:https://registry.npmjs.org/ansi-styles set size:undefined disposed:false
93 silly fetch manifest get-caller-file@^2.0.5
94 silly packumentCache full:https://registry.npmjs.org/get-caller-file cache-miss
95 http fetch GET 200 https://registry.npmjs.org/string-width 576ms (cache miss)
96 silly packumentCache full:https://registry.npmjs.org/string-width set size:undefined disposed:false
97 silly fetch manifest require-directory@^2.1.1
98 silly packumentCache full:https://registry.npmjs.org/require-directory cache-miss
99 http fetch GET 200 https://registry.npmjs.org/cliui 716ms (cache miss)
100 silly packumentCache full:https://registry.npmjs.org/cliui set size:undefined disposed:false
101 http fetch GET 200 https://registry.npmjs.org/escalade 750ms (cache miss)
102 silly packumentCache full:https://registry.npmjs.org/escalade set size:undefined disposed:false
103 http fetch GET 200 https://registry.npmjs.org/tslib 811ms (cache miss)
104 silly packumentCache full:https://registry.npmjs.org/tslib set size:undefined disposed:false
105 http fetch GET 200 https://registry.npmjs.org/get-caller-file 322ms (cache miss)
106 silly packumentCache full:https://registry.npmjs.org/get-caller-file set size:undefined disposed:false
107 http fetch GET 200 https://registry.npmjs.org/require-directory 151ms (cache miss)
108 silly packumentCache full:https://registry.npmjs.org/require-directory set size:undefined disposed:false
109 http fetch GET 200 https://registry.npmjs.org/yargs-parser 446ms (cache miss)
110 silly packumentCache full:https://registry.npmjs.org/yargs-parser set size:undefined disposed:false
111 http fetch GET 200 https://registry.npmjs.org/@babel%2fruntime 1279ms (cache miss)
112 silly packumentCache full:https://registry.npmjs.org/@babel%2fruntime set size:undefined disposed:false
113 silly placeDep ROOT ansi-styles@4.3.0 OK for: chalk@4.1.2 want: ^4.1.0
114 silly placeDep node_modules/chalk supports-color@7.2.0 OK for: chalk@4.1.2 want: ^7.1.0
115 silly fetch manifest color-convert@^2.0.1
116 silly packumentCache full:https://registry.npmjs.org/color-convert cache-miss
117 http fetch GET 200 https://registry.npmjs.org/color-convert 134ms (cache miss)
118 silly packumentCache full:https://registry.npmjs.org/color-convert set size:undefined disposed:false
119 silly placeDep ROOT color-convert@2.0.1 OK for: ansi-styles@4.3.0 want: ^2.0.1
120 silly fetch manifest color-name@~1.1.4
121 silly packumentCache full:https://registry.npmjs.org/color-name cache-miss
122 http fetch GET 200 https://registry.npmjs.org/color-name 251ms (cache miss)
123 silly packumentCache full:https://registry.npmjs.org/color-name set size:undefined disposed:false
124 silly placeDep ROOT color-name@1.1.4 OK for: color-convert@2.0.1 want: ~1.1.4
125 silly placeDep ROOT @babel/runtime@7.29.2 OK for: date-fns@2.30.0 want: ^7.21.0
126 silly placeDep ROOT tslib@2.8.1 OK for: rxjs@7.8.2 want: ^2.1.0
127 silly placeDep ROOT has-flag@4.0.0 OK for: supports-color@8.1.1 want: ^4.0.0
128 silly placeDep ROOT cliui@8.0.1 OK for: yargs@17.7.2 want: ^8.0.1
129 silly placeDep ROOT escalade@3.2.0 OK for: yargs@17.7.2 want: ^3.1.1
130 silly placeDep ROOT get-caller-file@2.0.5 OK for: yargs@17.7.2 want: ^2.0.5
131 silly placeDep ROOT require-directory@2.1.1 OK for: yargs@17.7.2 want: ^2.1.1
132 silly placeDep ROOT string-width@4.2.3 OK for: yargs@17.7.2 want: ^4.2.3
133 silly placeDep ROOT y18n@5.0.8 OK for: yargs@17.7.2 want: ^5.0.5
134 silly placeDep ROOT yargs-parser@21.1.1 OK for: yargs@17.7.2 want: ^21.1.1
135 silly fetch manifest wrap-ansi@^7.0.0
136 silly packumentCache full:https://registry.npmjs.org/wrap-ansi cache-miss
137 silly fetch manifest strip-ansi@^6.0.1
138 silly packumentCache full:https://registry.npmjs.org/strip-ansi cache-miss
139 silly fetch manifest string-width@^4.2.0
140 silly packumentCache full:https://registry.npmjs.org/string-width cache-miss
141 silly fetch manifest strip-ansi@^6.0.1
142 silly packumentCache full:https://registry.npmjs.org/strip-ansi cache-miss
143 silly fetch manifest emoji-regex@^8.0.0
144 silly packumentCache full:https://registry.npmjs.org/emoji-regex cache-miss
145 silly fetch manifest is-fullwidth-code-point@^3.0.0
146 silly packumentCache full:https://registry.npmjs.org/is-fullwidth-code-point cache-miss
147 http cache https://registry.npmjs.org/string-width 9ms (cache hit)
148 silly packumentCache full:https://registry.npmjs.org/string-width set size:68305 disposed:false
149 http fetch GET 200 https://registry.npmjs.org/strip-ansi 131ms (cache miss)
150 silly packumentCache full:https://registry.npmjs.org/strip-ansi set size:undefined disposed:false
151 http fetch GET 200 https://registry.npmjs.org/is-fullwidth-code-point 133ms (cache miss)
152 silly packumentCache full:https://registry.npmjs.org/is-fullwidth-code-point set size:undefined disposed:false
153 http fetch GET 200 https://registry.npmjs.org/emoji-regex 136ms (cache miss)
154 silly packumentCache full:https://registry.npmjs.org/emoji-regex set size:undefined disposed:false
155 http fetch GET 200 https://registry.npmjs.org/wrap-ansi 208ms (cache miss)
156 silly packumentCache full:https://registry.npmjs.org/wrap-ansi set size:undefined disposed:false
157 http fetch GET 200 https://registry.npmjs.org/strip-ansi 386ms (cache miss)
158 silly packumentCache full:https://registry.npmjs.org/strip-ansi set size:undefined disposed:false
159 silly placeDep ROOT strip-ansi@6.0.1 OK for: cliui@8.0.1 want: ^6.0.1
160 silly placeDep ROOT wrap-ansi@7.0.0 OK for: cliui@8.0.1 want: ^7.0.0
161 silly fetch manifest ansi-regex@^5.0.1
162 silly packumentCache full:https://registry.npmjs.org/ansi-regex cache-miss
163 http fetch GET 200 https://registry.npmjs.org/ansi-regex 73ms (cache miss)
164 silly packumentCache full:https://registry.npmjs.org/ansi-regex set size:undefined disposed:false
165 silly placeDep ROOT emoji-regex@8.0.0 OK for: string-width@4.2.3 want: ^8.0.0
166 silly placeDep ROOT is-fullwidth-code-point@3.0.0 OK for: string-width@4.2.3 want: ^3.0.0
167 silly placeDep ROOT ansi-regex@5.0.1 OK for: strip-ansi@6.0.1 want: ^5.0.1
168 silly reify moves {}
169 silly audit bulk request {
169 silly audit   concurrently: [ '8.2.2' ],
169 silly audit   chalk: [ '4.1.2' ],
169 silly audit   'date-fns': [ '2.30.0' ],
169 silly audit   lodash: [ '4.18.1' ],
169 silly audit   rxjs: [ '7.8.2' ],
169 silly audit   'shell-quote': [ '1.8.3' ],
169 silly audit   'spawn-command': [ '0.0.2' ],
169 silly audit   'supports-color': [ '8.1.1', '7.2.0' ],
169 silly audit   'tree-kill': [ '1.2.2' ],
169 silly audit   yargs: [ '17.7.2' ],
169 silly audit   'ansi-styles': [ '4.3.0' ],
169 silly audit   'color-convert': [ '2.0.1' ],
169 silly audit   'color-name': [ '1.1.4' ],
169 silly audit   '@babel/runtime': [ '7.29.2' ],
169 silly audit   tslib: [ '2.8.1' ],
169 silly audit   'has-flag': [ '4.0.0' ],
169 silly audit   cliui: [ '8.0.1' ],
169 silly audit   escalade: [ '3.2.0' ],
169 silly audit   'get-caller-file': [ '2.0.5' ],
169 silly audit   'require-directory': [ '2.1.1' ],
169 silly audit   'string-width': [ '4.2.3' ],
169 silly audit   y18n: [ '5.0.8' ],
169 silly audit   'yargs-parser': [ '21.1.1' ],
169 silly audit   'strip-ansi': [ '6.0.1' ],
169 silly audit   'wrap-ansi': [ '7.0.0' ],
169 silly audit   'emoji-regex': [ '8.0.0' ],
169 silly audit   'is-fullwidth-code-point': [ '3.0.0' ],
169 silly audit   'ansi-regex': [ '5.0.1' ]
169 silly audit }
170 http cache ansi-regex@https://registry.npmjs.org/ansi-regex/-/ansi-regex-5.0.1.tgz 0ms (cache hit)
171 http cache emoji-regex@https://registry.npmjs.org/emoji-regex/-/emoji-regex-8.0.0.tgz 0ms (cache hit)
172 http cache is-fullwidth-code-point@https://registry.npmjs.org/is-fullwidth-code-point/-/is-fullwidth-code-point-3.0.0.tgz 0ms (cache hit)
173 http cache wrap-ansi@https://registry.npmjs.org/wrap-ansi/-/wrap-ansi-7.0.0.tgz 0ms (cache hit)
174 http cache strip-ansi@https://registry.npmjs.org/strip-ansi/-/strip-ansi-6.0.1.tgz 1ms (cache hit)
175 http cache yargs-parser@https://registry.npmjs.org/yargs-parser/-/yargs-parser-21.1.1.tgz 0ms (cache hit)
176 http cache y18n@https://registry.npmjs.org/y18n/-/y18n-5.0.8.tgz 0ms (cache hit)
177 http cache string-width@https://registry.npmjs.org/string-width/-/string-width-4.2.3.tgz 0ms (cache hit)
178 http cache require-directory@https://registry.npmjs.org/require-directory/-/require-directory-2.1.1.tgz 0ms (cache hit)
179 http cache get-caller-file@https://registry.npmjs.org/get-caller-file/-/get-caller-file-2.0.5.tgz 0ms (cache hit)
180 http cache escalade@https://registry.npmjs.org/escalade/-/escalade-3.2.0.tgz 0ms (cache hit)
181 http cache cliui@https://registry.npmjs.org/cliui/-/cliui-8.0.1.tgz 0ms (cache hit)
182 http cache @babel/runtime@https://registry.npmjs.org/@babel/runtime/-/runtime-7.29.2.tgz 0ms (cache hit)
183 http cache has-flag@https://registry.npmjs.org/has-flag/-/has-flag-4.0.0.tgz 0ms (cache hit)
184 http cache tslib@https://registry.npmjs.org/tslib/-/tslib-2.8.1.tgz 0ms (cache hit)
185 http cache color-name@https://registry.npmjs.org/color-name/-/color-name-1.1.4.tgz 0ms (cache hit)
186 http cache ansi-styles@https://registry.npmjs.org/ansi-styles/-/ansi-styles-4.3.0.tgz 0ms (cache hit)
187 http cache color-convert@https://registry.npmjs.org/color-convert/-/color-convert-2.0.1.tgz 0ms (cache hit)
188 http cache tree-kill@https://registry.npmjs.org/tree-kill/-/tree-kill-1.2.2.tgz 0ms (cache hit)
189 http cache supports-color@https://registry.npmjs.org/supports-color/-/supports-color-8.1.1.tgz 0ms (cache hit)
190 http cache yargs@https://registry.npmjs.org/yargs/-/yargs-17.7.2.tgz 0ms (cache hit)
191 http cache spawn-command@https://registry.npmjs.org/spawn-command/-/spawn-command-0.0.2.tgz 0ms (cache hit)
192 http cache shell-quote@https://registry.npmjs.org/shell-quote/-/shell-quote-1.8.3.tgz 0ms (cache hit)
193 http cache rxjs@https://registry.npmjs.org/rxjs/-/rxjs-7.8.2.tgz 0ms (cache hit)
194 http cache lodash@https://registry.npmjs.org/lodash/-/lodash-4.18.1.tgz 0ms (cache hit)
195 http cache supports-color@https://registry.npmjs.org/supports-color/-/supports-color-7.2.0.tgz 0ms (cache hit)
196 silly tarball no local data for ansi-regex@https://registry.npmjs.org/ansi-regex/-/ansi-regex-5.0.1.tgz. Extracting by manifest.
197 silly tarball no local data for emoji-regex@https://registry.npmjs.org/emoji-regex/-/emoji-regex-8.0.0.tgz. Extracting by manifest.
198 silly tarball no local data for is-fullwidth-code-point@https://registry.npmjs.org/is-fullwidth-code-point/-/is-fullwidth-code-point-3.0.0.tgz. Extracting by manifest.
199 silly tarball no local data for wrap-ansi@https://registry.npmjs.org/wrap-ansi/-/wrap-ansi-7.0.0.tgz. Extracting by manifest.
200 silly tarball no local data for strip-ansi@https://registry.npmjs.org/strip-ansi/-/strip-ansi-6.0.1.tgz. Extracting by manifest.
201 silly tarball no local data for yargs-parser@https://registry.npmjs.org/yargs-parser/-/yargs-parser-21.1.1.tgz. Extracting by manifest.
202 silly tarball no local data for y18n@https://registry.npmjs.org/y18n/-/y18n-5.0.8.tgz. Extracting by manifest.
203 silly tarball no local data for string-width@https://registry.npmjs.org/string-width/-/string-width-4.2.3.tgz. Extracting by manifest.
204 silly tarball no local data for require-directory@https://registry.npmjs.org/require-directory/-/require-directory-2.1.1.tgz. Extracting by manifest.
205 silly tarball no local data for get-caller-file@https://registry.npmjs.org/get-caller-file/-/get-caller-file-2.0.5.tgz. Extracting by manifest.
206 silly tarball no local data for escalade@https://registry.npmjs.org/escalade/-/escalade-3.2.0.tgz. Extracting by manifest.
207 silly tarball no local data for cliui@https://registry.npmjs.org/cliui/-/cliui-8.0.1.tgz. Extracting by manifest.
208 silly tarball no local data for @babel/runtime@https://registry.npmjs.org/@babel/runtime/-/runtime-7.29.2.tgz. Extracting by manifest.
209 silly tarball no local data for has-flag@https://registry.npmjs.org/has-flag/-/has-flag-4.0.0.tgz. Extracting by manifest.
210 silly tarball no local data for tslib@https://registry.npmjs.org/tslib/-/tslib-2.8.1.tgz. Extracting by manifest.
211 http cache date-fns@https://registry.npmjs.org/date-fns/-/date-fns-2.30.0.tgz 0ms (cache hit)
212 silly tarball no local data for color-name@https://registry.npmjs.org/color-name/-/color-name-1.1.4.tgz. Extracting by manifest.
213 http cache concurrently@https://registry.npmjs.org/concurrently/-/concurrently-8.2.2.tgz 0ms (cache hit)
214 silly tarball no local data for ansi-styles@https://registry.npmjs.org/ansi-styles/-/ansi-styles-4.3.0.tgz. Extracting by manifest.
215 silly tarball no local data for color-convert@https://registry.npmjs.org/color-convert/-/color-convert-2.0.1.tgz. Extracting by manifest.
216 silly tarball no local data for tree-kill@https://registry.npmjs.org/tree-kill/-/tree-kill-1.2.2.tgz. Extracting by manifest.
217 silly tarball no local data for supports-color@https://registry.npmjs.org/supports-color/-/supports-color-8.1.1.tgz. Extracting by manifest.
218 silly tarball no local data for yargs@https://registry.npmjs.org/yargs/-/yargs-17.7.2.tgz. Extracting by manifest.
219 silly tarball no local data for spawn-command@https://registry.npmjs.org/spawn-command/-/spawn-command-0.0.2.tgz. Extracting by manifest.
220 http cache chalk@https://registry.npmjs.org/chalk/-/chalk-4.1.2.tgz 0ms (cache hit)
221 silly tarball no local data for shell-quote@https://registry.npmjs.org/shell-quote/-/shell-quote-1.8.3.tgz. Extracting by manifest.
222 silly tarball no local data for rxjs@https://registry.npmjs.org/rxjs/-/rxjs-7.8.2.tgz. Extracting by manifest.
223 silly tarball no local data for lodash@https://registry.npmjs.org/lodash/-/lodash-4.18.1.tgz. Extracting by manifest.
224 silly tarball no local data for supports-color@https://registry.npmjs.org/supports-color/-/supports-color-7.2.0.tgz. Extracting by manifest.
225 silly tarball no local data for date-fns@https://registry.npmjs.org/date-fns/-/date-fns-2.30.0.tgz. Extracting by manifest.
226 silly tarball no local data for concurrently@https://registry.npmjs.org/concurrently/-/concurrently-8.2.2.tgz. Extracting by manifest.
227 silly tarball no local data for chalk@https://registry.npmjs.org/chalk/-/chalk-4.1.2.tgz. Extracting by manifest.
228 http fetch GET 200 https://registry.npmjs.org/is-fullwidth-code-point/-/is-fullwidth-code-point-3.0.0.tgz 237ms (cache miss)
229 http fetch GET 200 https://registry.npmjs.org/y18n/-/y18n-5.0.8.tgz 236ms (cache miss)
230 http fetch GET 200 https://registry.npmjs.org/ansi-regex/-/ansi-regex-5.0.1.tgz 241ms (cache miss)
231 http fetch GET 200 https://registry.npmjs.org/strip-ansi/-/strip-ansi-6.0.1.tgz 239ms (cache miss)
232 http fetch GET 200 https://registry.npmjs.org/wrap-ansi/-/wrap-ansi-7.0.0.tgz 240ms (cache miss)
233 http fetch GET 200 https://registry.npmjs.org/emoji-regex/-/emoji-regex-8.0.0.tgz 250ms (cache miss)
234 http fetch GET 200 https://registry.npmjs.org/yargs-parser/-/yargs-parser-21.1.1.tgz 283ms (cache miss)
235 http fetch POST 200 https://registry.npmjs.org/-/npm/v1/security/advisories/bulk 401ms
236 silly audit report {}
237 http fetch GET 200 https://registry.npmjs.org/color-name/-/color-name-1.1.4.tgz 375ms (cache miss)
238 http fetch GET 200 https://registry.npmjs.org/ansi-styles/-/ansi-styles-4.3.0.tgz 375ms (cache miss)
239 http fetch GET 200 https://registry.npmjs.org/supports-color/-/supports-color-8.1.1.tgz 376ms (cache miss)
240 http fetch GET 200 https://registry.npmjs.org/tree-kill/-/tree-kill-1.2.2.tgz 379ms (cache miss)
241 http fetch GET 200 https://registry.npmjs.org/color-convert/-/color-convert-2.0.1.tgz 380ms (cache miss)
242 http fetch GET 200 https://registry.npmjs.org/tslib/-/tslib-2.8.1.tgz 393ms (cache miss)
243 http fetch GET 200 https://registry.npmjs.org/spawn-command/-/spawn-command-0.0.2.tgz 600ms (cache miss)
244 http fetch GET 200 https://registry.npmjs.org/cliui/-/cliui-8.0.1.tgz 705ms (cache miss)
245 http fetch GET 200 https://registry.npmjs.org/escalade/-/escalade-3.2.0.tgz 717ms (cache miss)
246 http fetch GET 200 https://registry.npmjs.org/yargs/-/yargs-17.7.2.tgz 720ms (cache miss)
247 http fetch GET 200 https://registry.npmjs.org/shell-quote/-/shell-quote-1.8.3.tgz 756ms (cache miss)
248 http fetch GET 200 https://registry.npmjs.org/string-width/-/string-width-4.2.3.tgz 772ms (cache miss)
249 http fetch GET 200 https://registry.npmjs.org/supports-color/-/supports-color-7.2.0.tgz 1019ms (cache miss)
250 http fetch GET 200 https://registry.npmjs.org/require-directory/-/require-directory-2.1.1.tgz 1080ms (cache miss)
251 http fetch GET 200 https://registry.npmjs.org/@babel/runtime/-/runtime-7.29.2.tgz 1222ms (cache miss)
252 http fetch GET 200 https://registry.npmjs.org/chalk/-/chalk-4.1.2.tgz 1227ms (cache miss)
253 http fetch GET 200 https://registry.npmjs.org/has-flag/-/has-flag-4.0.0.tgz 1264ms (cache miss)
254 http fetch GET 200 https://registry.npmjs.org/concurrently/-/concurrently-8.2.2.tgz 1258ms (cache miss)
255 http fetch GET 200 https://registry.npmjs.org/get-caller-file/-/get-caller-file-2.0.5.tgz 1348ms (cache miss)
256 http fetch GET 200 https://registry.npmjs.org/lodash/-/lodash-4.18.1.tgz 2791ms (cache miss)
257 http fetch GET 200 https://registry.npmjs.org/rxjs/-/rxjs-7.8.2.tgz 4455ms (cache miss)
258 http fetch GET 200 https://registry.npmjs.org/date-fns/-/date-fns-2.30.0.tgz 21477ms (cache miss)
259 silly ADD node_modules/ansi-regex
260 silly ADD node_modules/is-fullwidth-code-point
261 silly ADD node_modules/emoji-regex
262 silly ADD node_modules/wrap-ansi
263 silly ADD node_modules/strip-ansi
264 silly ADD node_modules/yargs-parser
265 silly ADD node_modules/y18n
266 silly ADD node_modules/string-width
267 silly ADD node_modules/require-directory
268 silly ADD node_modules/get-caller-file
269 silly ADD node_modules/escalade
270 silly ADD node_modules/cliui
271 silly ADD node_modules/has-flag
272 silly ADD node_modules/tslib
273 silly ADD node_modules/@babel/runtime
274 silly ADD node_modules/color-name
275 silly ADD node_modules/color-convert
276 silly ADD node_modules/ansi-styles
277 silly ADD node_modules/yargs
278 silly ADD node_modules/tree-kill
279 silly ADD node_modules/supports-color
280 silly ADD node_modules/spawn-command
281 silly ADD node_modules/shell-quote
282 silly ADD node_modules/rxjs
283 silly ADD node_modules/lodash
284 silly ADD node_modules/date-fns
285 silly ADD node_modules/chalk
286 silly ADD node_modules/chalk/node_modules/supports-color
287 silly ADD node_modules/concurrently
288 verbose cwd D:\InternShip Projects\E_Commerce_Application
289 verbose os Windows_NT 10.0.26200
290 verbose node v22.15.0
291 verbose npm  v10.9.2
292 notice
292 notice New major version of npm available! 10.9.2 -> 11.12.1
292 notice Changelog: https://github.com/npm/cli/releases/tag/v11.12.1
292 notice To update run: npm install -g npm@11.12.1
292 notice  { force: true, [Symbol(proc-log.meta)]: true }
293 verbose exit 0
294 info ok
